Using pre-set license
Built from '2022.3/staging' branch; Version is '2022.3.10f1 (ff3792e53c62) revision 16725906'; Using compiler version '192829333'; Build Type 'Release'
OS: 'Windows 10  (10.0.19045) 64bit Professional' Language: 'es' Physical Memory: 16342 MB
BatchMode: 1, IsHumanControllingUs: 0, StartBugReporterOnCrash: 0, Is64bit: 1, IsPro: 1

COMMAND LINE ARGUMENTS:
C:\Program Files\Unity\Hub\Editor\2022.3.10f1\Editor\Unity.exe
-adb2
-batchMode
-noUpm
-name
AssetImportWorker0
-projectPath
D:/IkerSolerCorrochano/Projectos/humanoide-objeto-vacio
-logFile
Logs/AssetImportWorker0.log
-srvPort
59572
Successfully changed project path to: D:/IkerSolerCorrochano/Projectos/humanoide-objeto-vacio
D:/IkerSolerCorrochano/Projectos/humanoide-objeto-vacio
[UnityMemory] Configuration Parameters - Can be set up in boot.config
    "memorysetup-bucket-allocator-granularity=16"
    "memorysetup-bucket-allocator-bucket-count=8"
    "memorysetup-bucket-allocator-block-size=33554432"
    "memorysetup-bucket-allocator-block-count=8"
    "memorysetup-main-allocator-block-size=16777216"
    "memorysetup-thread-allocator-block-size=16777216"
    "memorysetup-gfx-main-allocator-block-size=16777216"
    "memorysetup-gfx-thread-allocator-block-size=16777216"
    "memorysetup-cache-allocator-block-size=4194304"
    "memorysetup-typetree-allocator-block-size=2097152"
    "memorysetup-profiler-bucket-allocator-granularity=16"
    "memorysetup-profiler-bucket-allocator-bucket-count=8"
    "memorysetup-profiler-bucket-allocator-block-size=33554432"
    "memorysetup-profiler-bucket-allocator-block-count=8"
    "memorysetup-profiler-allocator-block-size=16777216"
    "memorysetup-profiler-editor-allocator-block-size=1048576"
    "memorysetup-temp-allocator-size-main=16777216"
    "memorysetup-job-temp-allocator-block-size=2097152"
    "memorysetup-job-temp-allocator-block-size-background=1048576"
    "memorysetup-job-temp-allocator-reduction-small-platforms=262144"
    "memorysetup-allocator-temp-initial-block-size-main=262144"
    "memorysetup-allocator-temp-initial-block-size-worker=262144"
    "memorysetup-temp-allocator-size-background-worker=32768"
    "memorysetup-temp-allocator-size-job-worker=262144"
    "memorysetup-temp-allocator-size-preload-manager=33554432"
    "memorysetup-temp-allocator-size-nav-mesh-worker=65536"
    "memorysetup-temp-allocator-size-audio-worker=65536"
    "memorysetup-temp-allocator-size-cloud-worker=32768"
    "memorysetup-temp-allocator-size-gi-baking-worker=262144"
    "memorysetup-temp-allocator-size-gfx=262144"
Player connection [15140] Host "[IP] 192.168.39.17 [Port] 0 [Flags] 2 [Guid] 3362300678 [EditorId] 3362300678 [Version] 1048832 [Id] WindowsEditor(7,A2-10) [Debug] 1 [PackageName] WindowsEditor [ProjectName] Editor" joined multi-casting on [225.0.0.222:54997]...

Player connection [15140] Host "[IP] 192.168.39.17 [Port] 0 [Flags] 2 [Guid] 3362300678 [EditorId] 3362300678 [Version] 1048832 [Id] WindowsEditor(7,A2-10) [Debug] 1 [PackageName] WindowsEditor [ProjectName] Editor" joined alternative multi-casting on [225.0.0.222:34997]...

[Physics::Module] Initialized MultithreadedJobDispatcher with 3 workers.
Refreshing native plugins compatible for Editor in 9.23 ms, found 3 plugins.
Preloading 0 native plugins for Editor in 0.00 ms.
Initialize engine version: 2022.3.10f1 (ff3792e53c62)
[Subsystems] Discovering subsystems at path C:/Program Files/Unity/Hub/Editor/2022.3.10f1/Editor/Data/Resources/UnitySubsystems
[Subsystems] Discovering subsystems at path D:/IkerSolerCorrochano/Projectos/humanoide-objeto-vacio/Assets
GfxDevice: creating device client; threaded=0; jobified=0
Direct3D:
    Version:  Direct3D 11.0 [level 11.1]
    Renderer: NVIDIA GeForce GTX 1050 Ti (ID=0x1c82)
    Vendor:   NVIDIA
    VRAM:     4017 MB
    Driver:   31.0.15.3623
Initialize mono
Mono path[0] = 'C:/Program Files/Unity/Hub/Editor/2022.3.10f1/Editor/Data/Managed'
Mono path[1] = 'C:/Program Files/Unity/Hub/Editor/2022.3.10f1/Editor/Data/MonoBleedingEdge/lib/mono/unityjit-win32'
Mono config path = 'C:/Program Files/Unity/Hub/Editor/2022.3.10f1/Editor/Data/MonoBleedingEdge/etc'
Using monoOptions --debugger-agent=transport=dt_socket,embedding=1,server=y,suspend=n,address=127.0.0.1:56576
Begin MonoManager ReloadAssembly
Registering precompiled unity dll's ...
Register platform support module: C:/Program Files/Unity/Hub/Editor/2022.3.10f1/Editor/Data/PlaybackEngines/WindowsStandaloneSupport/UnityEditor.WindowsStandalone.Extensions.dll
Registered in 0.015320 seconds.
- Loaded All Assemblies, in  0.547 seconds
Native extension for WindowsStandalone target not found
Mono: successfully reloaded assembly
- Finished resetting the current domain, in  0.396 seconds
Domain Reload Profiling: 941ms
	BeginReloadAssembly (166ms)
		ExecutionOrderSort (0ms)
		DisableScriptedObjects (0ms)
		BackupInstance (0ms)
		ReleaseScriptingObjects (0ms)
		CreateAndSetChildDomain (1ms)
	RebuildCommonClasses (51ms)
	RebuildNativeTypeToScriptingClass (17ms)
	initialDomainReloadingComplete (96ms)
	LoadAllAssembliesAndSetupDomain (214ms)
		LoadAssemblies (163ms)
		RebuildTransferFunctionScriptingTraits (0ms)
		AnalyzeDomain (211ms)
			TypeCache.Refresh (209ms)
				TypeCache.ScanAssembly (188ms)
			ScanForSourceGeneratedMonoScriptInfo (0ms)
			ResolveRequiredComponents (1ms)
	FinalizeReload (397ms)
		ReleaseScriptCaches (0ms)
		RebuildScriptCaches (0ms)
		SetupLoadedEditorAssemblies (306ms)
			LogAssemblyErrors (0ms)
			InitializePlatformSupportModulesInManaged (15ms)
			SetLoadedEditorAssemblies (10ms)
			RefreshPlugins (0ms)
			BeforeProcessingInitializeOnLoad (3ms)
			ProcessInitializeOnLoadAttributes (201ms)
			ProcessInitializeOnLoadMethodAttributes (76ms)
			AfterProcessingInitializeOnLoad (0ms)
			EditorAssembliesLoaded (0ms)
		ExecutionOrderSort2 (0ms)
		AwakeInstancesAfterBackupRestoration (0ms)
========================================================================
Worker process is ready to serve import requests
Begin MonoManager ReloadAssembly
- Loaded All Assemblies, in  0.742 seconds
Refreshing native plugins compatible for Editor in 1.97 ms, found 3 plugins.
Native extension for WindowsStandalone target not found
Package Manager log level set to [2]
[Package Manager] Server::EnsureServerProcessIsRunning -- launch failed, reason: Unity was launched with the -noUpm command-line argument
[Package Manager] UpmClient::Send -- Unable to send message (not connected to UPM process).
[Package Manager] Cannot connect to Unity Package Manager local server
Mono: successfully reloaded assembly
- Finished resetting the current domain, in  0.701 seconds
Domain Reload Profiling: 1442ms
	BeginReloadAssembly (205ms)
		ExecutionOrderSort (0ms)
		DisableScriptedObjects (8ms)
		BackupInstance (0ms)
		ReleaseScriptingObjects (0ms)
		CreateAndSetChildDomain (31ms)
	RebuildCommonClasses (40ms)
	RebuildNativeTypeToScriptingClass (14ms)
	initialDomainReloadingComplete (48ms)
	LoadAllAssembliesAndSetupDomain (432ms)
		LoadAssemblies (330ms)
		RebuildTransferFunctionScriptingTraits (0ms)
		AnalyzeDomain (213ms)
			TypeCache.Refresh (191ms)
				TypeCache.ScanAssembly (174ms)
			ScanForSourceGeneratedMonoScriptInfo (16ms)
			ResolveRequiredComponents (5ms)
	FinalizeReload (702ms)
		ReleaseScriptCaches (0ms)
		RebuildScriptCaches (0ms)
		SetupLoadedEditorAssemblies (517ms)
			LogAssemblyErrors (0ms)
			InitializePlatformSupportModulesInManaged (8ms)
			SetLoadedEditorAssemblies (3ms)
			RefreshPlugins (0ms)
			BeforeProcessingInitializeOnLoad (66ms)
			ProcessInitializeOnLoadAttributes (399ms)
			ProcessInitializeOnLoadMethodAttributes (29ms)
			AfterProcessingInitializeOnLoad (11ms)
			EditorAssembliesLoaded (0ms)
		ExecutionOrderSort2 (0ms)
		AwakeInstancesAfterBackupRestoration (12ms)
Launched and connected shader compiler UnityShaderCompiler.exe after 0.07 seconds
Refreshing native plugins compatible for Editor in 2.42 ms, found 3 plugins.
Preloading 0 native plugins for Editor in 0.00 ms.
Unloading 3069 Unused Serialized files (Serialized files now loaded: 0)
Unloading 31 unused Assets / (56.3 KB). Loaded Objects now: 3532.
Memory consumption went from 114.0 MB to 114.0 MB.
Total: 4.780300 ms (FindLiveObjects: 0.284600 ms CreateObjectMapping: 0.386400 ms MarkObjects: 4.006500 ms  DeleteObjects: 0.101800 ms)

AssetImportParameters requested are different than current active one (requested -> active):
  custom:container-demuxer-ogg: 62fdf1f143b41e24485cea50d1cbac27 -> 
  custom:video-decoder-ogg-theora: a1e56fd34408186e4bbccfd4996cb3dc -> 
  custom:framework-win-MediaFoundation: 216162199b28c13a410421893ffa2e32 -> 
  custom:CustomObjectIndexerAttribute: 756ad292c208cfabdd7b50bc23989ffe -> 
  custom:container-demuxer-webm: 4f35f7cbe854078d1ac9338744f61a02 -> 
  custom:container-muxer-webm: aa71ff27fc2769a1b78a27578f13a17b -> 
  custom:video-decoder-webm-vp8: 9c59270c3fd7afecdb556c50c9e8de78 -> 
  custom:SearchIndexIgnoredProperties: e643bd26f0fe6173181afceb89e7c659 -> 
  custom:AudioImporter_EditorPlatform: d09bf68614088b80899f8185d706f6e7 -> 
  custom:video-encoder-webm-vp8: eb34c28f22e8b96e1ab97ce403110664 -> 
  custom:audio-decoder-ogg-vorbis: bf7c407c2cedff20999df2af8eb42d56 -> 
  custom:audio-encoder-webm-vorbis: bf7c407c2cedff20999df2af8eb42d56 -> 
========================================================================
Received Import Request.
  Time since last request: 1158175.639820 seconds.
  path: Assets/Scenes/primera_entrega.unity
  artifactKey: Guid(ec2506802323f834cb1ce17007cd0443) Importer(815301076,1909f56bfc062723c751e8b465ee728b)
Start importing Assets/Scenes/primera_entrega.unity using Guid(ec2506802323f834cb1ce17007cd0443) Importer(815301076,1909f56bfc062723c751e8b465ee728b)  -> (artifact id: 'b39fb7fcc5f1660e51a608ceece5d4f5') in 0.006384 seconds
Number of updated asset objects reloaded before import = 0
Number of asset objects unloaded after import = 0
========================================================================
Received Import Request.
  Time since last request: 138.573814 seconds.
  path: Assets/texturas/fondo-pared-concreto_1194-6872.avif
  artifactKey: Guid(52ecf9187d98b294e8e0af535bb80f84) Importer(815301076,1909f56bfc062723c751e8b465ee728b)
Start importing Assets/texturas/fondo-pared-concreto_1194-6872.avif using Guid(52ecf9187d98b294e8e0af535bb80f84) Importer(815301076,1909f56bfc062723c751e8b465ee728b)  -> (artifact id: 'fe0e98e9f747a7b9d45987f1bffd846e') in 0.014871 seconds
Number of updated asset objects reloaded before import = 0
Number of asset objects unloaded after import = 1
========================================================================
Received Import Request.
  Time since last request: 269.877175 seconds.
  path: Assets/texturas/marmol.jpg
  artifactKey: Guid(8063733723cf4e043903115c54089a7f) Importer(815301076,1909f56bfc062723c751e8b465ee728b)
Start importing Assets/texturas/marmol.jpg using Guid(8063733723cf4e043903115c54089a7f) Importer(815301076,1909f56bfc062723c751e8b465ee728b)  -> (artifact id: 'c59c188b8a5e2d33563bb7b0f957874e') in 0.084253 seconds
Number of updated asset objects reloaded before import = 0
Number of asset objects unloaded after import = 2
========================================================================
Received Import Request.
  Time since last request: 7.849780 seconds.
  path: Assets/Materials/Trensparent_mat.mat
  artifactKey: Guid(e356158649ac629418f28610306cc371) Importer(815301076,1909f56bfc062723c751e8b465ee728b)
Start importing Assets/Materials/Trensparent_mat.mat using Guid(e356158649ac629418f28610306cc371) Importer(815301076,1909f56bfc062723c751e8b465ee728b)  -> (artifact id: 'a74a588ed23f4a5a02b87b0a1afb73d0') in 0.126080 seconds
Number of updated asset objects reloaded before import = 0
Number of asset objects unloaded after import = 2
========================================================================
Received Import Request.
  Time since last request: 10.465242 seconds.
  path: Assets/Materials/New Material.mat
  artifactKey: Guid(18a3d40a921aee445a77f22d49268dfb) Importer(815301076,1909f56bfc062723c751e8b465ee728b)
Start importing Assets/Materials/New Material.mat using Guid(18a3d40a921aee445a77f22d49268dfb) Importer(815301076,1909f56bfc062723c751e8b465ee728b)  -> (artifact id: '9abeedecef4955bda9fec3cacea80a40') in 0.017221 seconds
Number of updated asset objects reloaded before import = 0
Number of asset objects unloaded after import = 1
========================================================================
Received Import Request.
  Time since last request: 125.796151 seconds.
  path: Assets/Materials/marmol_mat.mat
  artifactKey: Guid(18a3d40a921aee445a77f22d49268dfb) Importer(815301076,1909f56bfc062723c751e8b465ee728b)
Start importing Assets/Materials/marmol_mat.mat using Guid(18a3d40a921aee445a77f22d49268dfb) Importer(815301076,1909f56bfc062723c751e8b465ee728b)  -> (artifact id: 'a40ded284415b0d7a699255de57ef8ae') in 0.019818 seconds
Number of updated asset objects reloaded before import = 0
Number of asset objects unloaded after import = 1
========================================================================
Received Import Request.
  Time since last request: 50.627806 seconds.
  path: Assets/prefabs/Enemy.prefab
  artifactKey: Guid(ce7342d049cebb442976fd2ddfd53a5e) Importer(815301076,1909f56bfc062723c751e8b465ee728b)
Start importing Assets/prefabs/Enemy.prefab using Guid(ce7342d049cebb442976fd2ddfd53a5e) Importer(815301076,1909f56bfc062723c751e8b465ee728b)  -> (artifact id: 'ec37f4ce773a9e56fd3ec940cb19234d') in 0.042043 seconds
Number of updated asset objects reloaded before import = 0
Number of asset objects unloaded after import = 79
========================================================================
Received Import Request.
  Time since last request: 210.805070 seconds.
  path: Assets/texturas/parquete.jpg
  artifactKey: Guid(79dfa3a06365ba1449aec4b4698848ed) Importer(815301076,1909f56bfc062723c751e8b465ee728b)
Start importing Assets/texturas/parquete.jpg using Guid(79dfa3a06365ba1449aec4b4698848ed) Importer(815301076,1909f56bfc062723c751e8b465ee728b)  -> (artifact id: 'ca5a1bd844bdee389f410fadfe88f113') in 0.029311 seconds
Number of updated asset objects reloaded before import = 0
Number of asset objects unloaded after import = 2
========================================================================
Received Import Request.
  Time since last request: 37.640187 seconds.
  path: Assets/Materials/New Material.mat
  artifactKey: Guid(d7680675286f0c64c968f512817d1199) Importer(815301076,1909f56bfc062723c751e8b465ee728b)
Start importing Assets/Materials/New Material.mat using Guid(d7680675286f0c64c968f512817d1199) Importer(815301076,1909f56bfc062723c751e8b465ee728b)  -> (artifact id: 'bbe19961b6e4f3e797f86bff3453ed41') in 0.015022 seconds
Number of updated asset objects reloaded before import = 0
Number of asset objects unloaded after import = 1
========================================================================
Received Import Request.
  Time since last request: 8.476183 seconds.
  path: Assets/Materials/suelo madera.mat
  artifactKey: Guid(d7680675286f0c64c968f512817d1199) Importer(815301076,1909f56bfc062723c751e8b465ee728b)
Start importing Assets/Materials/suelo madera.mat using Guid(d7680675286f0c64c968f512817d1199) Importer(815301076,1909f56bfc062723c751e8b465ee728b)  -> (artifact id: 'f697c43a157e477d618baedfc536a922') in 0.014423 seconds
Number of updated asset objects reloaded before import = 0
Number of asset objects unloaded after import = 1
========================================================================
Received Import Request.
  Time since last request: 4145.560858 seconds.
  path: Assets/Materials/marmol_mat.mat
  artifactKey: Guid(18a3d40a921aee445a77f22d49268dfb) Importer(815301076,1909f56bfc062723c751e8b465ee728b)
Start importing Assets/Materials/marmol_mat.mat using Guid(18a3d40a921aee445a77f22d49268dfb) Importer(815301076,1909f56bfc062723c751e8b465ee728b)  -> (artifact id: '095a4e381d1a1c5d1a9222e4a99e7865') in 0.032812 seconds
Number of updated asset objects reloaded before import = 0
Number of asset objects unloaded after import = 2
