Using pre-set license
Built from '2022.3/staging' branch; Version is '2022.3.10f1 (ff3792e53c62) revision 16725906'; Using compiler version '192829333'; Build Type 'Release'
OS: 'Windows 10  (10.0.19045) 64bit Professional' Language: 'es' Physical Memory: 16342 MB
BatchMode: 1, IsHumanControllingUs: 0, StartBugReporterOnCrash: 0, Is64bit: 1, IsPro: 1

COMMAND LINE ARGUMENTS:
C:\Program Files\Unity\Hub\Editor\2022.3.10f1\Editor\Unity.exe
-adb2
-batchMode
-noUpm
-name
AssetImportWorker0
-projectPath
D:/IkerSolerCorrochano/Projectos/humanoide-objeto-vacio
-logFile
Logs/AssetImportWorker0.log
-srvPort
56369
Successfully changed project path to: D:/IkerSolerCorrochano/Projectos/humanoide-objeto-vacio
D:/IkerSolerCorrochano/Projectos/humanoide-objeto-vacio
[UnityMemory] Configuration Parameters - Can be set up in boot.config
    "memorysetup-bucket-allocator-granularity=16"
    "memorysetup-bucket-allocator-bucket-count=8"
    "memorysetup-bucket-allocator-block-size=33554432"
    "memorysetup-bucket-allocator-block-count=8"
    "memorysetup-main-allocator-block-size=16777216"
    "memorysetup-thread-allocator-block-size=16777216"
    "memorysetup-gfx-main-allocator-block-size=16777216"
    "memorysetup-gfx-thread-allocator-block-size=16777216"
    "memorysetup-cache-allocator-block-size=4194304"
    "memorysetup-typetree-allocator-block-size=2097152"
    "memorysetup-profiler-bucket-allocator-granularity=16"
    "memorysetup-profiler-bucket-allocator-bucket-count=8"
    "memorysetup-profiler-bucket-allocator-block-size=33554432"
    "memorysetup-profiler-bucket-allocator-block-count=8"
    "memorysetup-profiler-allocator-block-size=16777216"
    "memorysetup-profiler-editor-allocator-block-size=1048576"
    "memorysetup-temp-allocator-size-main=16777216"
    "memorysetup-job-temp-allocator-block-size=2097152"
    "memorysetup-job-temp-allocator-block-size-background=1048576"
    "memorysetup-job-temp-allocator-reduction-small-platforms=262144"
    "memorysetup-allocator-temp-initial-block-size-main=262144"
    "memorysetup-allocator-temp-initial-block-size-worker=262144"
    "memorysetup-temp-allocator-size-background-worker=32768"
    "memorysetup-temp-allocator-size-job-worker=262144"
    "memorysetup-temp-allocator-size-preload-manager=33554432"
    "memorysetup-temp-allocator-size-nav-mesh-worker=65536"
    "memorysetup-temp-allocator-size-audio-worker=65536"
    "memorysetup-temp-allocator-size-cloud-worker=32768"
    "memorysetup-temp-allocator-size-gi-baking-worker=262144"
    "memorysetup-temp-allocator-size-gfx=262144"
Player connection [10416] Host "[IP] 192.168.39.17 [Port] 0 [Flags] 2 [Guid] 1258459763 [EditorId] 1258459763 [Version] 1048832 [Id] WindowsEditor(7,A2-10) [Debug] 1 [PackageName] WindowsEditor [ProjectName] Editor" joined multi-casting on [225.0.0.222:54997]...

Player connection [10416] Host "[IP] 192.168.39.17 [Port] 0 [Flags] 2 [Guid] 1258459763 [EditorId] 1258459763 [Version] 1048832 [Id] WindowsEditor(7,A2-10) [Debug] 1 [PackageName] WindowsEditor [ProjectName] Editor" joined alternative multi-casting on [225.0.0.222:34997]...

[Physics::Module] Initialized MultithreadedJobDispatcher with 3 workers.
Refreshing native plugins compatible for Editor in 1691.29 ms, found 3 plugins.
Preloading 0 native plugins for Editor in 0.00 ms.
Initialize engine version: 2022.3.10f1 (ff3792e53c62)
[Subsystems] Discovering subsystems at path C:/Program Files/Unity/Hub/Editor/2022.3.10f1/Editor/Data/Resources/UnitySubsystems
[Subsystems] Discovering subsystems at path D:/IkerSolerCorrochano/Projectos/humanoide-objeto-vacio/Assets
GfxDevice: creating device client; threaded=0; jobified=0
Direct3D:
    Version:  Direct3D 11.0 [level 11.1]
    Renderer: NVIDIA GeForce GTX 1050 Ti (ID=0x1c82)
    Vendor:   NVIDIA
    VRAM:     4017 MB
    Driver:   31.0.15.3623
Initialize mono
Mono path[0] = 'C:/Program Files/Unity/Hub/Editor/2022.3.10f1/Editor/Data/Managed'
Mono path[1] = 'C:/Program Files/Unity/Hub/Editor/2022.3.10f1/Editor/Data/MonoBleedingEdge/lib/mono/unityjit-win32'
Mono config path = 'C:/Program Files/Unity/Hub/Editor/2022.3.10f1/Editor/Data/MonoBleedingEdge/etc'
Using monoOptions --debugger-agent=transport=dt_socket,embedding=1,server=y,suspend=n,address=127.0.0.1:56568
Begin MonoManager ReloadAssembly
Registering precompiled unity dll's ...
Register platform support module: C:/Program Files/Unity/Hub/Editor/2022.3.10f1/Editor/Data/PlaybackEngines/WindowsStandaloneSupport/UnityEditor.WindowsStandalone.Extensions.dll
Registered in 0.114261 seconds.
- Loaded All Assemblies, in  6.279 seconds
Native extension for WindowsStandalone target not found
Mono: successfully reloaded assembly
- Finished resetting the current domain, in  0.312 seconds
Domain Reload Profiling: 6589ms
	BeginReloadAssembly (4776ms)
		ExecutionOrderSort (0ms)
		DisableScriptedObjects (0ms)
		BackupInstance (0ms)
		ReleaseScriptingObjects (0ms)
		CreateAndSetChildDomain (1ms)
	RebuildCommonClasses (413ms)
	RebuildNativeTypeToScriptingClass (13ms)
	initialDomainReloadingComplete (177ms)
	LoadAllAssembliesAndSetupDomain (897ms)
		LoadAssemblies (4773ms)
		RebuildTransferFunctionScriptingTraits (0ms)
		AnalyzeDomain (895ms)
			TypeCache.Refresh (893ms)
				TypeCache.ScanAssembly (639ms)
			ScanForSourceGeneratedMonoScriptInfo (0ms)
			ResolveRequiredComponents (1ms)
	FinalizeReload (312ms)
		ReleaseScriptCaches (0ms)
		RebuildScriptCaches (0ms)
		SetupLoadedEditorAssemblies (241ms)
			LogAssemblyErrors (0ms)
			InitializePlatformSupportModulesInManaged (14ms)
			SetLoadedEditorAssemblies (9ms)
			RefreshPlugins (0ms)
			BeforeProcessingInitializeOnLoad (3ms)
			ProcessInitializeOnLoadAttributes (155ms)
			ProcessInitializeOnLoadMethodAttributes (61ms)
			AfterProcessingInitializeOnLoad (0ms)
			EditorAssembliesLoaded (0ms)
		ExecutionOrderSort2 (0ms)
		AwakeInstancesAfterBackupRestoration (0ms)
========================================================================
Worker process is ready to serve import requests
Begin MonoManager ReloadAssembly
- Loaded All Assemblies, in  6.883 seconds
Refreshing native plugins compatible for Editor in 2.71 ms, found 3 plugins.
Native extension for WindowsStandalone target not found
Package Manager log level set to [2]
[Package Manager] Server::EnsureServerProcessIsRunning -- launch failed, reason: Unity was launched with the -noUpm command-line argument
[Package Manager] UpmClient::Send -- Unable to send message (not connected to UPM process).
[Package Manager] Cannot connect to Unity Package Manager local server
Mono: successfully reloaded assembly
- Finished resetting the current domain, in  0.872 seconds
Domain Reload Profiling: 7751ms
	BeginReloadAssembly (233ms)
		ExecutionOrderSort (0ms)
		DisableScriptedObjects (8ms)
		BackupInstance (0ms)
		ReleaseScriptingObjects (0ms)
		CreateAndSetChildDomain (32ms)
	RebuildCommonClasses (55ms)
	RebuildNativeTypeToScriptingClass (19ms)
	initialDomainReloadingComplete (64ms)
	LoadAllAssembliesAndSetupDomain (6507ms)
		LoadAssemblies (6019ms)
		RebuildTransferFunctionScriptingTraits (0ms)
		AnalyzeDomain (628ms)
			TypeCache.Refresh (598ms)
				TypeCache.ScanAssembly (526ms)
			ScanForSourceGeneratedMonoScriptInfo (21ms)
			ResolveRequiredComponents (8ms)
	FinalizeReload (873ms)
		ReleaseScriptCaches (0ms)
		RebuildScriptCaches (0ms)
		SetupLoadedEditorAssemblies (628ms)
			LogAssemblyErrors (0ms)
			InitializePlatformSupportModulesInManaged (11ms)
			SetLoadedEditorAssemblies (4ms)
			RefreshPlugins (0ms)
			BeforeProcessingInitializeOnLoad (83ms)
			ProcessInitializeOnLoadAttributes (489ms)
			ProcessInitializeOnLoadMethodAttributes (30ms)
			AfterProcessingInitializeOnLoad (11ms)
			EditorAssembliesLoaded (0ms)
		ExecutionOrderSort2 (0ms)
		AwakeInstancesAfterBackupRestoration (10ms)
Launched and connected shader compiler UnityShaderCompiler.exe after 0.11 seconds
Refreshing native plugins compatible for Editor in 2.44 ms, found 3 plugins.
Preloading 0 native plugins for Editor in 0.00 ms.
Unloading 3069 Unused Serialized files (Serialized files now loaded: 0)
Unloading 31 unused Assets / (56.3 KB). Loaded Objects now: 3531.
Memory consumption went from 114.0 MB to 113.9 MB.
Total: 4.226100 ms (FindLiveObjects: 0.293400 ms CreateObjectMapping: 0.382600 ms MarkObjects: 3.445800 ms  DeleteObjects: 0.103500 ms)

AssetImportParameters requested are different than current active one (requested -> active):
  custom:container-demuxer-ogg: 62fdf1f143b41e24485cea50d1cbac27 -> 
  custom:video-decoder-ogg-theora: a1e56fd34408186e4bbccfd4996cb3dc -> 
  custom:framework-win-MediaFoundation: 216162199b28c13a410421893ffa2e32 -> 
  custom:CustomObjectIndexerAttribute: 756ad292c208cfabdd7b50bc23989ffe -> 
  custom:container-demuxer-webm: 4f35f7cbe854078d1ac9338744f61a02 -> 
  custom:container-muxer-webm: aa71ff27fc2769a1b78a27578f13a17b -> 
  custom:video-decoder-webm-vp8: 9c59270c3fd7afecdb556c50c9e8de78 -> 
  custom:SearchIndexIgnoredProperties: e643bd26f0fe6173181afceb89e7c659 -> 
  custom:AudioImporter_EditorPlatform: d09bf68614088b80899f8185d706f6e7 -> 
  custom:video-encoder-webm-vp8: eb34c28f22e8b96e1ab97ce403110664 -> 
  custom:audio-decoder-ogg-vorbis: bf7c407c2cedff20999df2af8eb42d56 -> 
  custom:audio-encoder-webm-vorbis: bf7c407c2cedff20999df2af8eb42d56 -> 
========================================================================
Received Import Request.
  Time since last request: 1153260.006339 seconds.
  path: Assets/blue_mat.mat
  artifactKey: Guid(9816f5a1318a16e43aaf2fc9810ce8ff) Importer(815301076,1909f56bfc062723c751e8b465ee728b)
Start importing Assets/blue_mat.mat using Guid(9816f5a1318a16e43aaf2fc9810ce8ff) Importer(815301076,1909f56bfc062723c751e8b465ee728b)  -> (artifact id: '49b0beb320904439868a0e996ff3916e') in 0.293011 seconds
Number of updated asset objects reloaded before import = 0
Number of asset objects unloaded after import = 1
========================================================================
Received Import Request.
  Time since last request: 563.396357 seconds.
  path: Assets
  artifactKey: Guid(00000000000000001000000000000000) Importer(815301076,1909f56bfc062723c751e8b465ee728b)
Start importing Assets using Guid(00000000000000001000000000000000) Importer(815301076,1909f56bfc062723c751e8b465ee728b)  -> (artifact id: '8a4fe85251aa2e89732c359432baa2c3') in 0.000715 seconds
Number of updated asset objects reloaded before import = 0
Number of asset objects unloaded after import = 0
========================================================================
Received Import Request.
  Time since last request: 9.310336 seconds.
  path: Assets/New Material.mat
  artifactKey: Guid(e356158649ac629418f28610306cc371) Importer(815301076,1909f56bfc062723c751e8b465ee728b)
Start importing Assets/New Material.mat using Guid(e356158649ac629418f28610306cc371) Importer(815301076,1909f56bfc062723c751e8b465ee728b)  -> (artifact id: 'd7c29f9e685159bbaac3e159ce29e8a0') in 0.073781 seconds
Number of updated asset objects reloaded before import = 0
Number of asset objects unloaded after import = 1
========================================================================
Received Import Request.
  Time since last request: 109.402661 seconds.
  path: Assets/Scenes
  artifactKey: Guid(ca5a7be9e6f9f96438addf1074445478) Importer(815301076,1909f56bfc062723c751e8b465ee728b)
Start importing Assets/Scenes using Guid(ca5a7be9e6f9f96438addf1074445478) Importer(815301076,1909f56bfc062723c751e8b465ee728b)  -> (artifact id: '161bbe3894fdd4bd7f8cc22fa230736c') in 0.000509 seconds
Number of updated asset objects reloaded before import = 0
Number of asset objects unloaded after import = 0
========================================================================
Received Import Request.
  Time since last request: 54.999926 seconds.
  path: Assets/Scenes/New Folder
  artifactKey: Guid(7b143622d6d06134094d0e6c722c7c1c) Importer(815301076,1909f56bfc062723c751e8b465ee728b)
Start importing Assets/Scenes/New Folder using Guid(7b143622d6d06134094d0e6c722c7c1c) Importer(815301076,1909f56bfc062723c751e8b465ee728b)  -> (artifact id: '84268b311b85d68fa1ad2319a356c620') in 0.000449 seconds
Number of updated asset objects reloaded before import = 0
Number of asset objects unloaded after import = 0
========================================================================
Received Import Request.
  Time since last request: 127.166004 seconds.
  path: Assets/texturas
  artifactKey: Guid(26a20d6e99ef4ab4c8f0c7df63855c13) Importer(815301076,1909f56bfc062723c751e8b465ee728b)
Start importing Assets/texturas using Guid(26a20d6e99ef4ab4c8f0c7df63855c13) Importer(815301076,1909f56bfc062723c751e8b465ee728b)  -> (artifact id: '9fcc27246eaa90412e8a7950088a54d7') in 0.000694 seconds
Number of updated asset objects reloaded before import = 0
Number of asset objects unloaded after import = 0
========================================================================
Received Import Request.
  Time since last request: 212.654961 seconds.
  path: Assets/texturas/textura_cicuito.jpg
  artifactKey: Guid(cb18419f80e45414a9e880044d685e05) Importer(815301076,1909f56bfc062723c751e8b465ee728b)
Start importing Assets/texturas/textura_cicuito.jpg using Guid(cb18419f80e45414a9e880044d685e05) Importer(815301076,1909f56bfc062723c751e8b465ee728b)  -> (artifact id: '8e2656e9dc67939c8bdbfc6bf6b27dca') in 0.001172 seconds
Number of updated asset objects reloaded before import = 0
Number of asset objects unloaded after import = 1
========================================================================
Received Import Request.
  Time since last request: 28.906794 seconds.
  path: Assets/texturas/circuit-board-seamless-pattern_98292-3920.png
  artifactKey: Guid(8d22b80e365eebb499c848814178f53d) Importer(815301076,1909f56bfc062723c751e8b465ee728b)
Start importing Assets/texturas/circuit-board-seamless-pattern_98292-3920.png using Guid(8d22b80e365eebb499c848814178f53d) Importer(815301076,1909f56bfc062723c751e8b465ee728b)  -> (artifact id: '5e922631b10920ab5d0b7005ef878581') in 0.042728 seconds
Number of updated asset objects reloaded before import = 0
Number of asset objects unloaded after import = 2
========================================================================
Received Import Request.
  Time since last request: 90.845826 seconds.
  path: Assets/texturas/Materials
  artifactKey: Guid(e4380595039aed14c8eb70a49b99a85c) Importer(815301076,1909f56bfc062723c751e8b465ee728b)
Start importing Assets/texturas/Materials using Guid(e4380595039aed14c8eb70a49b99a85c) Importer(815301076,1909f56bfc062723c751e8b465ee728b)  -> (artifact id: '8e0aba76bafe8907b3f84d73ade5a6e4') in 0.000657 seconds
Number of updated asset objects reloaded before import = 0
Number of asset objects unloaded after import = 0
========================================================================
Received Import Request.
  Time since last request: 0.072557 seconds.
  path: Assets/texturas/Materials/circuit-board-seamless-pattern_98292-3920.mat
  artifactKey: Guid(744fbda7f4210f049ae0ecbda8134875) Importer(815301076,1909f56bfc062723c751e8b465ee728b)
Start importing Assets/texturas/Materials/circuit-board-seamless-pattern_98292-3920.mat using Guid(744fbda7f4210f049ae0ecbda8134875) Importer(815301076,1909f56bfc062723c751e8b465ee728b)  -> (artifact id: '5515fdf490ecfacbe77dca7317358aeb') in 0.034792 seconds
Number of updated asset objects reloaded before import = 0
Number of asset objects unloaded after import = 2
========================================================================
Received Import Request.
  Time since last request: 110.529342 seconds.
  path: Assets/Materials/blue_mat.mat
  artifactKey: Guid(9816f5a1318a16e43aaf2fc9810ce8ff) Importer(815301076,1909f56bfc062723c751e8b465ee728b)
Start importing Assets/Materials/blue_mat.mat using Guid(9816f5a1318a16e43aaf2fc9810ce8ff) Importer(815301076,1909f56bfc062723c751e8b465ee728b)  -> (artifact id: '2943635d5f7d13342663c3de68508147') in 0.027722 seconds
Number of updated asset objects reloaded before import = 0
Number of asset objects unloaded after import = 1
========================================================================
Received Import Request.
  Time since last request: 656.857991 seconds.
  path: Assets/texturas/seamless-2952534_1280.png
  artifactKey: Guid(6c407f15c0dc8884da412ea8c57d123f) Importer(815301076,1909f56bfc062723c751e8b465ee728b)
Start importing Assets/texturas/seamless-2952534_1280.png using Guid(6c407f15c0dc8884da412ea8c57d123f) Importer(815301076,1909f56bfc062723c751e8b465ee728b)  -> (artifact id: '8c9bf9ff19c809cf1dcd0111d1bc51d4') in 0.037035 seconds
Number of updated asset objects reloaded before import = 0
Number of asset objects unloaded after import = 2
========================================================================
Received Import Request.
  Time since last request: 7.284068 seconds.
  path: Assets/texturas/seamless-2952534_1280.png
  artifactKey: Guid(6c407f15c0dc8884da412ea8c57d123f) Importer(815301076,1909f56bfc062723c751e8b465ee728b)
Start importing Assets/texturas/seamless-2952534_1280.png using Guid(6c407f15c0dc8884da412ea8c57d123f) Importer(815301076,1909f56bfc062723c751e8b465ee728b)  -> (artifact id: '095232c0534029b71c33f37017dac70a') in 0.026937 seconds
Number of updated asset objects reloaded before import = 0
Number of asset objects unloaded after import = 2
========================================================================
Received Import Request.
  Time since last request: 31.462278 seconds.
  path: Assets/Materials/Trensparent_mat.mat
  artifactKey: Guid(e356158649ac629418f28610306cc371) Importer(815301076,1909f56bfc062723c751e8b465ee728b)
Start importing Assets/Materials/Trensparent_mat.mat using Guid(e356158649ac629418f28610306cc371) Importer(815301076,1909f56bfc062723c751e8b465ee728b)  -> (artifact id: '95f694bb8aa5072503683898c185a76f') in 0.021330 seconds
Number of updated asset objects reloaded before import = 0
Number of asset objects unloaded after import = 1
========================================================================
Received Import Request.
  Time since last request: 55.620530 seconds.
  path: Assets/Materials/circuitos_mat.mat
  artifactKey: Guid(744fbda7f4210f049ae0ecbda8134875) Importer(815301076,1909f56bfc062723c751e8b465ee728b)
Start importing Assets/Materials/circuitos_mat.mat using Guid(744fbda7f4210f049ae0ecbda8134875) Importer(815301076,1909f56bfc062723c751e8b465ee728b)  -> (artifact id: 'fe05694a4523ab20775e4ea6cd02c146') in 0.016754 seconds
Number of updated asset objects reloaded before import = 0
Number of asset objects unloaded after import = 2
========================================================================
Received Import Request.
  Time since last request: 568.444665 seconds.
  path: Assets/prefabs
  artifactKey: Guid(93b803f9c7d8119499f0830236523ee1) Importer(815301076,1909f56bfc062723c751e8b465ee728b)
Start importing Assets/prefabs using Guid(93b803f9c7d8119499f0830236523ee1) Importer(815301076,1909f56bfc062723c751e8b465ee728b)  -> (artifact id: '2aa479cb616a8e5618849a116e6a585c') in 0.000847 seconds
Number of updated asset objects reloaded before import = 0
Number of asset objects unloaded after import = 0
========================================================================
Received Import Request.
  Time since last request: 4.532077 seconds.
  path: Assets/prefabs/wa.prefab
  artifactKey: Guid(ce7342d049cebb442976fd2ddfd53a5e) Importer(815301076,1909f56bfc062723c751e8b465ee728b)
Start importing Assets/prefabs/wa.prefab using Guid(ce7342d049cebb442976fd2ddfd53a5e) Importer(815301076,1909f56bfc062723c751e8b465ee728b)  -> (artifact id: 'ac180e7b5ca61344b147134d120ce0a2') in 0.050369 seconds
Number of updated asset objects reloaded before import = 0
Number of asset objects unloaded after import = 78
========================================================================
Received Import Request.
  Time since last request: 40.889902 seconds.
  path: Assets/prefabs/player.prefab
  artifactKey: Guid(ce7342d049cebb442976fd2ddfd53a5e) Importer(815301076,1909f56bfc062723c751e8b465ee728b)
Start importing Assets/prefabs/player.prefab using Guid(ce7342d049cebb442976fd2ddfd53a5e) Importer(815301076,1909f56bfc062723c751e8b465ee728b)  -> (artifact id: '16ff5545ba702205488205a9316d936e') in 0.015259 seconds
Number of updated asset objects reloaded before import = 0
Number of asset objects unloaded after import = 78
========================================================================
Received Import Request.
  Time since last request: 529.821849 seconds.
  path: Assets/prefabs/Enemy.prefab
  artifactKey: Guid(ce7342d049cebb442976fd2ddfd53a5e) Importer(815301076,1909f56bfc062723c751e8b465ee728b)
Start importing Assets/prefabs/Enemy.prefab using Guid(ce7342d049cebb442976fd2ddfd53a5e) Importer(815301076,1909f56bfc062723c751e8b465ee728b)  -> (artifact id: '4b84ccb47fc05de916b431e59e297d50') in 0.025408 seconds
Number of updated asset objects reloaded before import = 0
Number of asset objects unloaded after import = 78
========================================================================
Received Import Request.
  Time since last request: 208.653513 seconds.
  path: Assets/prefabs/Enemy_1 Variant.prefab
  artifactKey: Guid(b430ca373bd1392429eb419b40a592d7) Importer(815301076,1909f56bfc062723c751e8b465ee728b)
Start importing Assets/prefabs/Enemy_1 Variant.prefab using Guid(b430ca373bd1392429eb419b40a592d7) Importer(815301076,1909f56bfc062723c751e8b465ee728b)  -> (artifact id: '0315a56b6301fde7070583e219748ff8') in 0.020600 seconds
Number of updated asset objects reloaded before import = 0
Number of asset objects unloaded after import = 153
========================================================================
Received Import Request.
  Time since last request: 133.959259 seconds.
  path: Assets/prefabs/Enemy_1.prefab
  artifactKey: Guid(b303d3c9d8ec34f49bbd7cfd8bdd0779) Importer(815301076,1909f56bfc062723c751e8b465ee728b)
Start importing Assets/prefabs/Enemy_1.prefab using Guid(b303d3c9d8ec34f49bbd7cfd8bdd0779) Importer(815301076,1909f56bfc062723c751e8b465ee728b)  -> (artifact id: '1e0f65cd3a9868e34dcc41df29e2c4c5') in 0.019975 seconds
Number of updated asset objects reloaded before import = 0
Number of asset objects unloaded after import = 153
========================================================================
Received Import Request.
  Time since last request: 205.473610 seconds.
  path: Assets/prefabs/Enemy_1.prefab
  artifactKey: Guid(b303d3c9d8ec34f49bbd7cfd8bdd0779) Importer(815301076,1909f56bfc062723c751e8b465ee728b)
Start importing Assets/prefabs/Enemy_1.prefab using Guid(b303d3c9d8ec34f49bbd7cfd8bdd0779) Importer(815301076,1909f56bfc062723c751e8b465ee728b)  -> (artifact id: 'c34df9c542079f79897077122fb6cc75') in 0.010690 seconds
Number of updated asset objects reloaded before import = 0
Number of asset objects unloaded after import = 75
========================================================================
Received Import Request.
  Time since last request: 246.132020 seconds.
  path: Assets/Scenes/SampleScene.unity
  artifactKey: Guid(9fc0d4010bbf28b4594072e72b8655ab) Importer(815301076,1909f56bfc062723c751e8b465ee728b)
Start importing Assets/Scenes/SampleScene.unity using Guid(9fc0d4010bbf28b4594072e72b8655ab) Importer(815301076,1909f56bfc062723c751e8b465ee728b)  -> (artifact id: 'f0c9891fe065c997e6f573b11f9c54fa') in 0.001387 seconds
Number of updated asset objects reloaded before import = 0
Number of asset objects unloaded after import = 0
========================================================================
Received Import Request.
  Time since last request: 14.046467 seconds.
  path: Assets/Scenes/tema_1.unity
  artifactKey: Guid(9fc0d4010bbf28b4594072e72b8655ab) Importer(815301076,1909f56bfc062723c751e8b465ee728b)
Start importing Assets/Scenes/tema_1.unity using Guid(9fc0d4010bbf28b4594072e72b8655ab) Importer(815301076,1909f56bfc062723c751e8b465ee728b)  -> (artifact id: 'f2b562c9b1a27b2f9700b460ff49293b') in 0.000506 seconds
Number of updated asset objects reloaded before import = 0
Number of asset objects unloaded after import = 0
========================================================================
Received Import Request.
  Time since last request: 18.569836 seconds.
  path: Assets/Scenes/tema_2.unity
  artifactKey: Guid(ec2506802323f834cb1ce17007cd0443) Importer(815301076,1909f56bfc062723c751e8b465ee728b)
Start importing Assets/Scenes/tema_2.unity using Guid(ec2506802323f834cb1ce17007cd0443) Importer(815301076,1909f56bfc062723c751e8b465ee728b)  -> (artifact id: 'd755f54c29b23fa19a01741292779ece') in 0.000478 seconds
Number of updated asset objects reloaded before import = 0
Number of asset objects unloaded after import = 0
========================================================================
Received Import Request.
  Time since last request: 6.256815 seconds.
  path: Assets/Scenes/tema_1.unity
  artifactKey: Guid(9fc0d4010bbf28b4594072e72b8655ab) Importer(815301076,1909f56bfc062723c751e8b465ee728b)
Start importing Assets/Scenes/tema_1.unity using Guid(9fc0d4010bbf28b4594072e72b8655ab) Importer(815301076,1909f56bfc062723c751e8b465ee728b)  -> (artifact id: '1dc866518930910cfb6732c746ce61bc') in 0.000489 seconds
Number of updated asset objects reloaded before import = 0
Number of asset objects unloaded after import = 0
